2025-03-19 16:10:47 - Starting TpPayYouPayMe170325Application using Java 23.0.2 with PID 10996 (C:\Users\lemai\Documents\12 M2I\Java-SE\TP\TP_17_03_25\TP_PayYouPayMe_17_03_25\TP_PayYouPayMe_17_03_25\target\classes started by lemai in C:\Users\lemai\Documents\12 M2I\Java-SE\TP\TP_17_03_25\TP_PayYouPayMe_17_03_25\TP_PayYouPayMe_17_03_25)
2025-03-19 16:10:47 - Running with Spring Boot v3.4.3, Spring v6.2.3
2025-03-19 16:10:47 - No active profile set, falling back to 1 default profile: "default"
2025-03-19 16:10:47 - Bootstrapping Spring Data JPA repositories in DEFAULT mode.
2025-03-19 16:10:47 - Finished Spring Data repository scanning in 9 ms. Found 3 JPA repository interfaces.
2025-03-19 16:10:47 - Tomcat initialized with port 8080 (http)
2025-03-19 16:10:47 - Starting service [Tomcat]
2025-03-19 16:10:47 - Starting Servlet engine: [Apache Tomcat/10.1.36]
2025-03-19 16:10:47 - Initializing Spring embedded WebApplicationContext
2025-03-19 16:10:47 - Root WebApplicationContext: initialization completed in 317 ms
2025-03-19 16:10:47 - HikariPool-69 - Starting...
2025-03-19 16:10:47 - HikariPool-69 - Added connection conn709: url=jdbc:h2:mem:pypm user=ROOT
2025-03-19 16:10:47 - HikariPool-69 - Start completed.
2025-03-19 16:10:47 - HHH000204: Processing PersistenceUnitInfo [name: default]
2025-03-19 16:10:47 - HHH000026: Second-level cache disabled
2025-03-19 16:10:47 - No LoadTimeWeaver setup: ignoring JPA class transformer
2025-03-19 16:10:47 - HHH90000025: H2Dialect does not need to be specified explicitly using 'hibernate.dialect' (remove the property setting and it will be selected by default)
2025-03-19 16:10:47 - HHH10001005: Database info:
	Database JDBC URL [Connecting through datasource 'HikariDataSource (HikariPool-69)']
	Database driver: undefined/unknown
	Database version: 2.3.232
	Autocommit mode: undefined/unknown
	Isolation level: undefined/unknown
	Minimum pool size: undefined/unknown
	Maximum pool size: undefined/unknown
2025-03-19 16:10:47 - HHH000489: No JTA platform available (set 'hibernate.transaction.jta.platform' to enable JTA platform integration)
2025-03-19 16:10:47 - Initialized JPA EntityManagerFactory for persistence unit 'default'
2025-03-19 16:10:48 - spring.jpa.open-in-view is enabled by default. Therefore, database queries may be performed during view rendering. Explicitly configure spring.jpa.open-in-view to disable this warning
2025-03-19 16:10:48 - Global AuthenticationManager configured with UserDetailsService bean with name inMemoryUserDetailsManager
2025-03-19 16:10:48 - H2 console available at '/h2-console'. Database available at 'jdbc:h2:mem:pypm'
2025-03-19 16:10:48 - LiveReload server is running on port 35729
2025-03-19 16:10:48 - Tomcat started on port 8080 (http) with context path '/'
2025-03-19 16:10:48 - Started TpPayYouPayMe170325Application in 0.942 seconds (process running for 24238.355)
2025-03-19 16:10:48 - Condition evaluation unchanged
2025-03-19 16:12:15 - Initializing Spring DispatcherServlet 'dispatcherServlet'
2025-03-19 16:12:15 - Initializing Servlet 'dispatcherServlet'
2025-03-19 16:12:15 - Completed initialization in 5 ms
2025-03-19 16:14:11 - Restarting due to 1 class path change (0 additions, 0 deletions, 1 modification)
2025-03-19 16:14:11 - Commencing graceful shutdown. Waiting for active requests to complete
2025-03-19 16:14:11 - Graceful shutdown complete
2025-03-19 16:14:11 - Closing JPA EntityManagerFactory for persistence unit 'default'
2025-03-19 16:14:11 - Invocation of destroy method failed on bean with name 'inMemoryDatabaseShutdownExecutor': org.h2.jdbc.JdbcSQLNonTransientConnectionException: La base de données est déjà fermée (pour désactiver la fermeture automatique à l'arrêt de la VM, ajoutez "; DB_CLOSE_ON_EXIT = FALSE" à l'URL db)
Database is already closed (to disable automatic closing at VM shutdown, add ";DB_CLOSE_ON_EXIT=FALSE" to the db URL) [90121-232]
2025-03-19 16:14:11 - HikariPool-69 - Shutdown initiated...
2025-03-19 16:14:11 - HikariPool-69 - Shutdown completed.
2025-03-19 16:14:11 - Starting TpPayYouPayMe170325Application using Java 23.0.2 with PID 10996 (C:\Users\lemai\Documents\12 M2I\Java-SE\TP\TP_17_03_25\TP_PayYouPayMe_17_03_25\TP_PayYouPayMe_17_03_25\target\classes started by lemai in C:\Users\lemai\Documents\12 M2I\Java-SE\TP\TP_17_03_25\TP_PayYouPayMe_17_03_25\TP_PayYouPayMe_17_03_25)
2025-03-19 16:14:11 - Running with Spring Boot v3.4.3, Spring v6.2.3
2025-03-19 16:14:11 - No active profile set, falling back to 1 default profile: "default"
2025-03-19 16:14:11 - Bootstrapping Spring Data JPA repositories in DEFAULT mode.
2025-03-19 16:14:11 - Finished Spring Data repository scanning in 14 ms. Found 3 JPA repository interfaces.
2025-03-19 16:14:11 - Tomcat initialized with port 8080 (http)
2025-03-19 16:14:11 - Starting service [Tomcat]
2025-03-19 16:14:11 - Starting Servlet engine: [Apache Tomcat/10.1.36]
2025-03-19 16:14:11 - Initializing Spring embedded WebApplicationContext
2025-03-19 16:14:11 - Root WebApplicationContext: initialization completed in 273 ms
2025-03-19 16:14:11 - HikariPool-70 - Starting...
2025-03-19 16:14:11 - HikariPool-70 - Added connection conn719: url=jdbc:h2:mem:pypm user=ROOT
2025-03-19 16:14:11 - HikariPool-70 - Start completed.
2025-03-19 16:14:11 - HHH000204: Processing PersistenceUnitInfo [name: default]
2025-03-19 16:14:11 - HHH000026: Second-level cache disabled
2025-03-19 16:14:11 - No LoadTimeWeaver setup: ignoring JPA class transformer
2025-03-19 16:14:11 - HHH90000025: H2Dialect does not need to be specified explicitly using 'hibernate.dialect' (remove the property setting and it will be selected by default)
2025-03-19 16:14:11 - HHH10001005: Database info:
	Database JDBC URL [Connecting through datasource 'HikariDataSource (HikariPool-70)']
	Database driver: undefined/unknown
	Database version: 2.3.232
	Autocommit mode: undefined/unknown
	Isolation level: undefined/unknown
	Minimum pool size: undefined/unknown
	Maximum pool size: undefined/unknown
2025-03-19 16:14:12 - HHH000489: No JTA platform available (set 'hibernate.transaction.jta.platform' to enable JTA platform integration)
2025-03-19 16:14:12 - Initialized JPA EntityManagerFactory for persistence unit 'default'
2025-03-19 16:14:12 - Exception encountered during context initialization - cancelling refresh attempt: org.springframework.beans.factory.BeanCreationException: Error creating bean with name 'adminController' defined in file [C:\Users\lemai\Documents\12 M2I\Java-SE\TP\TP_17_03_25\TP_PayYouPayMe_17_03_25\TP_PayYouPayMe_17_03_25\target\classes\com\example\TP_PayYouPayMe_17_03_25\controller\AdminController.class]: Failed to instantiate [com.example.TP_PayYouPayMe_17_03_25.controller.AdminController]: Constructor threw exception
2025-03-19 16:14:12 - Closing JPA EntityManagerFactory for persistence unit 'default'
2025-03-19 16:14:12 - Invocation of destroy method failed on bean with name 'inMemoryDatabaseShutdownExecutor': org.h2.jdbc.JdbcSQLNonTransientConnectionException: La base de données est déjà fermée (pour désactiver la fermeture automatique à l'arrêt de la VM, ajoutez "; DB_CLOSE_ON_EXIT = FALSE" à l'URL db)
Database is already closed (to disable automatic closing at VM shutdown, add ";DB_CLOSE_ON_EXIT=FALSE" to the db URL) [90121-232]
2025-03-19 16:14:12 - HikariPool-70 - Shutdown initiated...
2025-03-19 16:14:12 - HikariPool-70 - Shutdown completed.
2025-03-19 16:14:12 - Stopping service [Tomcat]
2025-03-19 16:14:12 - 

Error starting ApplicationContext. To display the condition evaluation report re-run your application with 'debug' enabled.
2025-03-19 16:14:12 - Application run failed
org.springframework.beans.factory.BeanCreationException: Error creating bean with name 'adminController' defined in file [C:\Users\lemai\Documents\12 M2I\Java-SE\TP\TP_17_03_25\TP_PayYouPayMe_17_03_25\TP_PayYouPayMe_17_03_25\target\classes\com\example\TP_PayYouPayMe_17_03_25\controller\AdminController.class]: Failed to instantiate [com.example.TP_PayYouPayMe_17_03_25.controller.AdminController]: Constructor threw exception
	at org.springframework.beans.factory.support.ConstructorResolver.instantiate(ConstructorResolver.java:321)
	at org.springframework.beans.factory.support.ConstructorResolver.autowireConstructor(ConstructorResolver.java:309)
	at org.springframework.beans.factory.support.AbstractAutowireCapableBeanFactory.autowireConstructor(AbstractAutowireCapableBeanFactory.java:1381)
	at org.springframework.beans.factory.support.AbstractAutowireCapableBeanFactory.createBeanInstance(AbstractAutowireCapableBeanFactory.java:1218)
	at org.springframework.beans.factory.support.AbstractAutowireCapableBeanFactory.doCreateBean(AbstractAutowireCapableBeanFactory.java:563)
	at org.springframework.beans.factory.support.AbstractAutowireCapableBeanFactory.createBean(AbstractAutowireCapableBeanFactory.java:523)
	at org.springframework.beans.factory.support.AbstractBeanFactory.lambda$doGetBean$0(AbstractBeanFactory.java:339)
	at org.springframework.beans.factory.support.DefaultSingletonBeanRegistry.getSingleton(DefaultSingletonBeanRegistry.java:346)
	at org.springframework.beans.factory.support.AbstractBeanFactory.doGetBean(AbstractBeanFactory.java:337)
	at org.springframework.beans.factory.support.AbstractBeanFactory.getBean(AbstractBeanFactory.java:202)
	at org.springframework.beans.factory.support.DefaultListableBeanFactory.instantiateSingleton(DefaultListableBeanFactory.java:1155)
	at org.springframework.beans.factory.support.DefaultListableBeanFactory.preInstantiateSingleton(DefaultListableBeanFactory.java:1121)
	at org.springframework.beans.factory.support.DefaultListableBeanFactory.preInstantiateSingletons(DefaultListableBeanFactory.java:1056)
	at org.springframework.context.support.AbstractApplicationContext.finishBeanFactoryInitialization(AbstractApplicationContext.java:987)
	at org.springframework.context.support.AbstractApplicationContext.refresh(AbstractApplicationContext.java:627)
	at org.springframework.boot.web.servlet.context.ServletWebServerApplicationContext.refresh(ServletWebServerApplicationContext.java:146)
	at org.springframework.boot.SpringApplication.refresh(SpringApplication.java:752)
	at org.springframework.boot.SpringApplication.refreshContext(SpringApplication.java:439)
	at org.springframework.boot.SpringApplication.run(SpringApplication.java:318)
	at org.springframework.boot.SpringApplication.run(SpringApplication.java:1361)
	at org.springframework.boot.SpringApplication.run(SpringApplication.java:1350)
	at com.example.TP_PayYouPayMe_17_03_25.TpPayYouPayMe170325Application.main(TpPayYouPayMe170325Application.java:10)
	at java.base/jdk.internal.reflect.DirectMethodHandleAccessor.invoke(DirectMethodHandleAccessor.java:103)
	at java.base/java.lang.reflect.Method.invoke(Method.java:580)
	at org.springframework.boot.devtools.restart.RestartLauncher.run(RestartLauncher.java:50)
Caused by: org.springframework.beans.BeanInstantiationException: Failed to instantiate [com.example.TP_PayYouPayMe_17_03_25.controller.AdminController]: Constructor threw exception
	at org.springframework.beans.BeanUtils.instantiateClass(BeanUtils.java:222)
	at org.springframework.beans.factory.support.SimpleInstantiationStrategy.instantiate(SimpleInstantiationStrategy.java:145)
	at org.springframework.beans.factory.support.ConstructorResolver.instantiate(ConstructorResolver.java:318)
	... 24 common frames omitted
Caused by: java.lang.Error: Unresolved compilation problems: 
	Logger cannot be resolved to a type
	LoggerFactory cannot be resolved
	Logger cannot be resolved to a type

	at com.example.TP_PayYouPayMe_17_03_25.controller.AdminController.<init>(AdminController.java:18)
	at java.base/jdk.internal.reflect.DirectConstructorHandleAccessor.newInstance(DirectConstructorHandleAccessor.java:62)
	at java.base/java.lang.reflect.Constructor.newInstanceWithCaller(Constructor.java:501)
	at java.base/java.lang.reflect.Constructor.newInstance(Constructor.java:485)
	at org.springframework.beans.BeanUtils.instantiateClass(BeanUtils.java:209)
	... 26 common frames omitted
2025-03-19 16:14:46 - Starting TpPayYouPayMe170325Application using Java 23.0.2 with PID 10996 (C:\Users\lemai\Documents\12 M2I\Java-SE\TP\TP_17_03_25\TP_PayYouPayMe_17_03_25\TP_PayYouPayMe_17_03_25\target\classes started by lemai in C:\Users\lemai\Documents\12 M2I\Java-SE\TP\TP_17_03_25\TP_PayYouPayMe_17_03_25\TP_PayYouPayMe_17_03_25)
2025-03-19 16:14:46 - Running with Spring Boot v3.4.3, Spring v6.2.3
2025-03-19 16:14:46 - No active profile set, falling back to 1 default profile: "default"
2025-03-19 16:14:46 - Bootstrapping Spring Data JPA repositories in DEFAULT mode.
2025-03-19 16:14:46 - Finished Spring Data repository scanning in 14 ms. Found 3 JPA repository interfaces.
2025-03-19 16:14:46 - Tomcat initialized with port 8080 (http)
2025-03-19 16:14:46 - Starting service [Tomcat]
2025-03-19 16:14:46 - Starting Servlet engine: [Apache Tomcat/10.1.36]
2025-03-19 16:14:46 - Initializing Spring embedded WebApplicationContext
2025-03-19 16:14:46 - Root WebApplicationContext: initialization completed in 211 ms
2025-03-19 16:14:46 - HikariPool-71 - Starting...
2025-03-19 16:14:46 - HikariPool-71 - Added connection conn722: url=jdbc:h2:mem:pypm user=ROOT
2025-03-19 16:14:46 - HikariPool-71 - Start completed.
2025-03-19 16:14:46 - HHH000204: Processing PersistenceUnitInfo [name: default]
2025-03-19 16:14:46 - HHH000026: Second-level cache disabled
2025-03-19 16:14:46 - No LoadTimeWeaver setup: ignoring JPA class transformer
2025-03-19 16:14:46 - HHH90000025: H2Dialect does not need to be specified explicitly using 'hibernate.dialect' (remove the property setting and it will be selected by default)
2025-03-19 16:14:46 - HHH10001005: Database info:
	Database JDBC URL [Connecting through datasource 'HikariDataSource (HikariPool-71)']
	Database driver: undefined/unknown
	Database version: 2.3.232
	Autocommit mode: undefined/unknown
	Isolation level: undefined/unknown
	Minimum pool size: undefined/unknown
	Maximum pool size: undefined/unknown
2025-03-19 16:14:46 - HHH000489: No JTA platform available (set 'hibernate.transaction.jta.platform' to enable JTA platform integration)
2025-03-19 16:14:46 - Initialized JPA EntityManagerFactory for persistence unit 'default'
2025-03-19 16:14:46 - spring.jpa.open-in-view is enabled by default. Therefore, database queries may be performed during view rendering. Explicitly configure spring.jpa.open-in-view to disable this warning
2025-03-19 16:14:46 - Global AuthenticationManager configured with UserDetailsService bean with name inMemoryUserDetailsManager
2025-03-19 16:14:46 - H2 console available at '/h2-console'. Database available at 'jdbc:h2:mem:pypm'
2025-03-19 16:14:46 - LiveReload server is running on port 35729
2025-03-19 16:14:46 - Tomcat started on port 8080 (http) with context path '/'
2025-03-19 16:14:46 - Started TpPayYouPayMe170325Application in 0.488 seconds (process running for 24477.162)
2025-03-19 16:14:46 - Condition evaluation unchanged
2025-03-19 16:15:33 - Restarting due to 1 class path change (0 additions, 0 deletions, 1 modification)
2025-03-19 16:15:33 - Commencing graceful shutdown. Waiting for active requests to complete
2025-03-19 16:15:33 - Graceful shutdown complete
2025-03-19 16:15:33 - Closing JPA EntityManagerFactory for persistence unit 'default'
2025-03-19 16:15:33 - Invocation of destroy method failed on bean with name 'inMemoryDatabaseShutdownExecutor': org.h2.jdbc.JdbcSQLNonTransientConnectionException: La base de données est déjà fermée (pour désactiver la fermeture automatique à l'arrêt de la VM, ajoutez "; DB_CLOSE_ON_EXIT = FALSE" à l'URL db)
Database is already closed (to disable automatic closing at VM shutdown, add ";DB_CLOSE_ON_EXIT=FALSE" to the db URL) [90121-232]
2025-03-19 16:15:33 - HikariPool-71 - Shutdown initiated...
2025-03-19 16:15:33 - HikariPool-71 - Shutdown completed.
2025-03-19 16:15:33 - Starting TpPayYouPayMe170325Application using Java 23.0.2 with PID 10996 (C:\Users\lemai\Documents\12 M2I\Java-SE\TP\TP_17_03_25\TP_PayYouPayMe_17_03_25\TP_PayYouPayMe_17_03_25\target\classes started by lemai in C:\Users\lemai\Documents\12 M2I\Java-SE\TP\TP_17_03_25\TP_PayYouPayMe_17_03_25\TP_PayYouPayMe_17_03_25)
2025-03-19 16:15:33 - Running with Spring Boot v3.4.3, Spring v6.2.3
2025-03-19 16:15:33 - No active profile set, falling back to 1 default profile: "default"
2025-03-19 16:15:33 - Bootstrapping Spring Data JPA repositories in DEFAULT mode.
2025-03-19 16:15:33 - Finished Spring Data repository scanning in 8 ms. Found 3 JPA repository interfaces.
2025-03-19 16:15:33 - Tomcat initialized with port 8080 (http)
2025-03-19 16:15:33 - Starting service [Tomcat]
2025-03-19 16:15:33 - Starting Servlet engine: [Apache Tomcat/10.1.36]
2025-03-19 16:15:33 - Initializing Spring embedded WebApplicationContext
2025-03-19 16:15:33 - Root WebApplicationContext: initialization completed in 257 ms
2025-03-19 16:15:34 - HikariPool-72 - Starting...
2025-03-19 16:15:34 - HikariPool-72 - Added connection conn732: url=jdbc:h2:mem:pypm user=ROOT
2025-03-19 16:15:34 - HikariPool-72 - Start completed.
2025-03-19 16:15:34 - HHH000204: Processing PersistenceUnitInfo [name: default]
2025-03-19 16:15:34 - HHH000026: Second-level cache disabled
2025-03-19 16:15:34 - No LoadTimeWeaver setup: ignoring JPA class transformer
2025-03-19 16:15:34 - HHH90000025: H2Dialect does not need to be specified explicitly using 'hibernate.dialect' (remove the property setting and it will be selected by default)
2025-03-19 16:15:34 - HHH10001005: Database info:
	Database JDBC URL [Connecting through datasource 'HikariDataSource (HikariPool-72)']
	Database driver: undefined/unknown
	Database version: 2.3.232
	Autocommit mode: undefined/unknown
	Isolation level: undefined/unknown
	Minimum pool size: undefined/unknown
	Maximum pool size: undefined/unknown
2025-03-19 16:15:34 - HHH000489: No JTA platform available (set 'hibernate.transaction.jta.platform' to enable JTA platform integration)
2025-03-19 16:15:34 - Initialized JPA EntityManagerFactory for persistence unit 'default'
2025-03-19 16:15:34 - spring.jpa.open-in-view is enabled by default. Therefore, database queries may be performed during view rendering. Explicitly configure spring.jpa.open-in-view to disable this warning
2025-03-19 16:15:34 - Global AuthenticationManager configured with UserDetailsService bean with name inMemoryUserDetailsManager
2025-03-19 16:15:34 - H2 console available at '/h2-console'. Database available at 'jdbc:h2:mem:pypm'
2025-03-19 16:15:34 - LiveReload server is running on port 35729
2025-03-19 16:15:34 - Tomcat started on port 8080 (http) with context path '/'
2025-03-19 16:15:34 - Started TpPayYouPayMe170325Application in 0.576 seconds (process running for 24524.466)
2025-03-19 16:15:34 - Condition evaluation unchanged
2025-03-19 16:16:04 - Restarting due to 2 class path changes (0 additions, 0 deletions, 2 modifications)
2025-03-19 16:16:04 - Commencing graceful shutdown. Waiting for active requests to complete
2025-03-19 16:16:04 - Graceful shutdown complete
2025-03-19 16:16:04 - Closing JPA EntityManagerFactory for persistence unit 'default'
2025-03-19 16:16:04 - Invocation of destroy method failed on bean with name 'inMemoryDatabaseShutdownExecutor': org.h2.jdbc.JdbcSQLNonTransientConnectionException: La base de données est déjà fermée (pour désactiver la fermeture automatique à l'arrêt de la VM, ajoutez "; DB_CLOSE_ON_EXIT = FALSE" à l'URL db)
Database is already closed (to disable automatic closing at VM shutdown, add ";DB_CLOSE_ON_EXIT=FALSE" to the db URL) [90121-232]
2025-03-19 16:16:04 - HikariPool-72 - Shutdown initiated...
2025-03-19 16:16:04 - HikariPool-72 - Shutdown completed.
2025-03-19 16:16:05 - Starting TpPayYouPayMe170325Application using Java 23.0.2 with PID 10996 (C:\Users\lemai\Documents\12 M2I\Java-SE\TP\TP_17_03_25\TP_PayYouPayMe_17_03_25\TP_PayYouPayMe_17_03_25\target\classes started by lemai in C:\Users\lemai\Documents\12 M2I\Java-SE\TP\TP_17_03_25\TP_PayYouPayMe_17_03_25\TP_PayYouPayMe_17_03_25)
2025-03-19 16:16:05 - Running with Spring Boot v3.4.3, Spring v6.2.3
2025-03-19 16:16:05 - No active profile set, falling back to 1 default profile: "default"
2025-03-19 16:16:05 - Bootstrapping Spring Data JPA repositories in DEFAULT mode.
2025-03-19 16:16:05 - Finished Spring Data repository scanning in 10 ms. Found 3 JPA repository interfaces.
2025-03-19 16:16:05 - Tomcat initialized with port 8080 (http)
2025-03-19 16:16:05 - Starting service [Tomcat]
2025-03-19 16:16:05 - Starting Servlet engine: [Apache Tomcat/10.1.36]
2025-03-19 16:16:05 - Initializing Spring embedded WebApplicationContext
2025-03-19 16:16:05 - Root WebApplicationContext: initialization completed in 266 ms
2025-03-19 16:16:05 - HikariPool-73 - Starting...
2025-03-19 16:16:05 - HikariPool-73 - Added connection conn742: url=jdbc:h2:mem:pypm user=ROOT
2025-03-19 16:16:05 - HikariPool-73 - Start completed.
2025-03-19 16:16:05 - HHH000204: Processing PersistenceUnitInfo [name: default]
2025-03-19 16:16:05 - HHH000026: Second-level cache disabled
2025-03-19 16:16:05 - No LoadTimeWeaver setup: ignoring JPA class transformer
2025-03-19 16:16:05 - HHH90000025: H2Dialect does not need to be specified explicitly using 'hibernate.dialect' (remove the property setting and it will be selected by default)
2025-03-19 16:16:05 - HHH10001005: Database info:
	Database JDBC URL [Connecting through datasource 'HikariDataSource (HikariPool-73)']
	Database driver: undefined/unknown
	Database version: 2.3.232
	Autocommit mode: undefined/unknown
	Isolation level: undefined/unknown
	Minimum pool size: undefined/unknown
	Maximum pool size: undefined/unknown
2025-03-19 16:16:05 - HHH000489: No JTA platform available (set 'hibernate.transaction.jta.platform' to enable JTA platform integration)
2025-03-19 16:16:05 - Initialized JPA EntityManagerFactory for persistence unit 'default'
2025-03-19 16:16:05 - spring.jpa.open-in-view is enabled by default. Therefore, database queries may be performed during view rendering. Explicitly configure spring.jpa.open-in-view to disable this warning
2025-03-19 16:16:05 - Global AuthenticationManager configured with UserDetailsService bean with name inMemoryUserDetailsManager
2025-03-19 16:16:05 - H2 console available at '/h2-console'. Database available at 'jdbc:h2:mem:pypm'
2025-03-19 16:16:05 - LiveReload server is running on port 35729
2025-03-19 16:16:05 - Tomcat started on port 8080 (http) with context path '/'
2025-03-19 16:16:05 - Started TpPayYouPayMe170325Application in 0.633 seconds (process running for 24555.902)
2025-03-19 16:16:05 - Condition evaluation unchanged
2025-03-19 16:16:13 - Restarting due to 1 class path change (0 additions, 0 deletions, 1 modification)
2025-03-19 16:16:13 - Commencing graceful shutdown. Waiting for active requests to complete
2025-03-19 16:16:13 - Graceful shutdown complete
2025-03-19 16:16:13 - Closing JPA EntityManagerFactory for persistence unit 'default'
2025-03-19 16:16:13 - Invocation of destroy method failed on bean with name 'inMemoryDatabaseShutdownExecutor': org.h2.jdbc.JdbcSQLNonTransientConnectionException: La base de données est déjà fermée (pour désactiver la fermeture automatique à l'arrêt de la VM, ajoutez "; DB_CLOSE_ON_EXIT = FALSE" à l'URL db)
Database is already closed (to disable automatic closing at VM shutdown, add ";DB_CLOSE_ON_EXIT=FALSE" to the db URL) [90121-232]
2025-03-19 16:16:13 - HikariPool-73 - Shutdown initiated...
2025-03-19 16:16:13 - HikariPool-73 - Shutdown completed.
2025-03-19 16:16:13 - Starting TpPayYouPayMe170325Application using Java 23.0.2 with PID 10996 (C:\Users\lemai\Documents\12 M2I\Java-SE\TP\TP_17_03_25\TP_PayYouPayMe_17_03_25\TP_PayYouPayMe_17_03_25\target\classes started by lemai in C:\Users\lemai\Documents\12 M2I\Java-SE\TP\TP_17_03_25\TP_PayYouPayMe_17_03_25\TP_PayYouPayMe_17_03_25)
2025-03-19 16:16:13 - Running with Spring Boot v3.4.3, Spring v6.2.3
2025-03-19 16:16:13 - No active profile set, falling back to 1 default profile: "default"
2025-03-19 16:16:13 - Bootstrapping Spring Data JPA repositories in DEFAULT mode.
2025-03-19 16:16:13 - Finished Spring Data repository scanning in 7 ms. Found 3 JPA repository interfaces.
2025-03-19 16:16:13 - Tomcat initialized with port 8080 (http)
2025-03-19 16:16:13 - Starting service [Tomcat]
2025-03-19 16:16:13 - Starting Servlet engine: [Apache Tomcat/10.1.36]
2025-03-19 16:16:13 - Initializing Spring embedded WebApplicationContext
2025-03-19 16:16:13 - Root WebApplicationContext: initialization completed in 212 ms
2025-03-19 16:16:13 - HikariPool-74 - Starting...
2025-03-19 16:16:13 - HikariPool-74 - Added connection conn752: url=jdbc:h2:mem:pypm user=ROOT
2025-03-19 16:16:13 - HikariPool-74 - Start completed.
2025-03-19 16:16:13 - HHH000204: Processing PersistenceUnitInfo [name: default]
2025-03-19 16:16:13 - HHH000026: Second-level cache disabled
2025-03-19 16:16:13 - No LoadTimeWeaver setup: ignoring JPA class transformer
2025-03-19 16:16:13 - HHH90000025: H2Dialect does not need to be specified explicitly using 'hibernate.dialect' (remove the property setting and it will be selected by default)
2025-03-19 16:16:13 - HHH10001005: Database info:
	Database JDBC URL [Connecting through datasource 'HikariDataSource (HikariPool-74)']
	Database driver: undefined/unknown
	Database version: 2.3.232
	Autocommit mode: undefined/unknown
	Isolation level: undefined/unknown
	Minimum pool size: undefined/unknown
	Maximum pool size: undefined/unknown
2025-03-19 16:16:13 - HHH000489: No JTA platform available (set 'hibernate.transaction.jta.platform' to enable JTA platform integration)
2025-03-19 16:16:13 - Initialized JPA EntityManagerFactory for persistence unit 'default'
2025-03-19 16:16:13 - spring.jpa.open-in-view is enabled by default. Therefore, database queries may be performed during view rendering. Explicitly configure spring.jpa.open-in-view to disable this warning
2025-03-19 16:16:13 - Global AuthenticationManager configured with UserDetailsService bean with name inMemoryUserDetailsManager
2025-03-19 16:16:13 - H2 console available at '/h2-console'. Database available at 'jdbc:h2:mem:pypm'
2025-03-19 16:16:13 - LiveReload server is running on port 35729
2025-03-19 16:16:13 - Tomcat started on port 8080 (http) with context path '/'
2025-03-19 16:16:13 - Started TpPayYouPayMe170325Application in 0.529 seconds (process running for 24564.157)
2025-03-19 16:16:13 - Condition evaluation unchanged
2025-03-19 16:16:29 - Restarting due to 1 class path change (0 additions, 0 deletions, 1 modification)
2025-03-19 16:16:29 - Commencing graceful shutdown. Waiting for active requests to complete
2025-03-19 16:16:29 - Graceful shutdown complete
2025-03-19 16:16:29 - Closing JPA EntityManagerFactory for persistence unit 'default'
2025-03-19 16:16:29 - Invocation of destroy method failed on bean with name 'inMemoryDatabaseShutdownExecutor': org.h2.jdbc.JdbcSQLNonTransientConnectionException: La base de données est déjà fermée (pour désactiver la fermeture automatique à l'arrêt de la VM, ajoutez "; DB_CLOSE_ON_EXIT = FALSE" à l'URL db)
Database is already closed (to disable automatic closing at VM shutdown, add ";DB_CLOSE_ON_EXIT=FALSE" to the db URL) [90121-232]
2025-03-19 16:16:29 - HikariPool-74 - Shutdown initiated...
2025-03-19 16:16:29 - HikariPool-74 - Shutdown completed.
2025-03-19 16:16:29 - Starting TpPayYouPayMe170325Application using Java 23.0.2 with PID 10996 (C:\Users\lemai\Documents\12 M2I\Java-SE\TP\TP_17_03_25\TP_PayYouPayMe_17_03_25\TP_PayYouPayMe_17_03_25\target\classes started by lemai in C:\Users\lemai\Documents\12 M2I\Java-SE\TP\TP_17_03_25\TP_PayYouPayMe_17_03_25\TP_PayYouPayMe_17_03_25)
2025-03-19 16:16:29 - Running with Spring Boot v3.4.3, Spring v6.2.3
2025-03-19 16:16:29 - No active profile set, falling back to 1 default profile: "default"
2025-03-19 16:16:30 - Bootstrapping Spring Data JPA repositories in DEFAULT mode.
2025-03-19 16:16:30 - Finished Spring Data repository scanning in 9 ms. Found 3 JPA repository interfaces.
2025-03-19 16:16:30 - Tomcat initialized with port 8080 (http)
2025-03-19 16:16:30 - Starting service [Tomcat]
2025-03-19 16:16:30 - Starting Servlet engine: [Apache Tomcat/10.1.36]
2025-03-19 16:16:30 - Initializing Spring embedded WebApplicationContext
2025-03-19 16:16:30 - Root WebApplicationContext: initialization completed in 211 ms
2025-03-19 16:16:30 - HikariPool-75 - Starting...
2025-03-19 16:16:30 - HikariPool-75 - Added connection conn762: url=jdbc:h2:mem:pypm user=ROOT
2025-03-19 16:16:30 - HikariPool-75 - Start completed.
2025-03-19 16:16:30 - HHH000204: Processing PersistenceUnitInfo [name: default]
2025-03-19 16:16:30 - HHH000026: Second-level cache disabled
2025-03-19 16:16:30 - No LoadTimeWeaver setup: ignoring JPA class transformer
2025-03-19 16:16:30 - HHH90000025: H2Dialect does not need to be specified explicitly using 'hibernate.dialect' (remove the property setting and it will be selected by default)
2025-03-19 16:16:30 - HHH10001005: Database info:
	Database JDBC URL [Connecting through datasource 'HikariDataSource (HikariPool-75)']
	Database driver: undefined/unknown
	Database version: 2.3.232
	Autocommit mode: undefined/unknown
	Isolation level: undefined/unknown
	Minimum pool size: undefined/unknown
	Maximum pool size: undefined/unknown
2025-03-19 16:16:30 - HHH000489: No JTA platform available (set 'hibernate.transaction.jta.platform' to enable JTA platform integration)
2025-03-19 16:16:30 - Initialized JPA EntityManagerFactory for persistence unit 'default'
2025-03-19 16:16:30 - spring.jpa.open-in-view is enabled by default. Therefore, database queries may be performed during view rendering. Explicitly configure spring.jpa.open-in-view to disable this warning
2025-03-19 16:16:30 - Global AuthenticationManager configured with UserDetailsService bean with name inMemoryUserDetailsManager
2025-03-19 16:16:30 - H2 console available at '/h2-console'. Database available at 'jdbc:h2:mem:pypm'
2025-03-19 16:16:30 - LiveReload server is running on port 35729
2025-03-19 16:16:30 - Tomcat started on port 8080 (http) with context path '/'
2025-03-19 16:16:30 - Started TpPayYouPayMe170325Application in 0.595 seconds (process running for 24580.753)
2025-03-19 16:16:30 - Condition evaluation unchanged
2025-03-19 16:16:34 - Initializing Spring DispatcherServlet 'dispatcherServlet'
2025-03-19 16:16:34 - Initializing Servlet 'dispatcherServlet'
2025-03-19 16:16:34 - Completed initialization in 3 ms
2025-03-19 16:23:13 - Restarting due to 1 class path change (0 additions, 0 deletions, 1 modification)
2025-03-19 16:23:13 - Commencing graceful shutdown. Waiting for active requests to complete
2025-03-19 16:23:13 - Graceful shutdown complete
2025-03-19 16:23:13 - Closing JPA EntityManagerFactory for persistence unit 'default'
2025-03-19 16:23:13 - Invocation of destroy method failed on bean with name 'inMemoryDatabaseShutdownExecutor': org.h2.jdbc.JdbcSQLNonTransientConnectionException: La base de données est déjà fermée (pour désactiver la fermeture automatique à l'arrêt de la VM, ajoutez "; DB_CLOSE_ON_EXIT = FALSE" à l'URL db)
Database is already closed (to disable automatic closing at VM shutdown, add ";DB_CLOSE_ON_EXIT=FALSE" to the db URL) [90121-232]
2025-03-19 16:23:13 - HikariPool-75 - Shutdown initiated...
2025-03-19 16:23:13 - HikariPool-75 - Shutdown completed.
2025-03-19 16:23:14 - Starting TpPayYouPayMe170325Application using Java 23.0.2 with PID 10996 (C:\Users\lemai\Documents\12 M2I\Java-SE\TP\TP_17_03_25\TP_PayYouPayMe_17_03_25\TP_PayYouPayMe_17_03_25\target\classes started by lemai in C:\Users\lemai\Documents\12 M2I\Java-SE\TP\TP_17_03_25\TP_PayYouPayMe_17_03_25\TP_PayYouPayMe_17_03_25)
2025-03-19 16:23:14 - Running with Spring Boot v3.4.3, Spring v6.2.3
2025-03-19 16:23:14 - No active profile set, falling back to 1 default profile: "default"
2025-03-19 16:23:14 - Bootstrapping Spring Data JPA repositories in DEFAULT mode.
2025-03-19 16:23:14 - Finished Spring Data repository scanning in 18 ms. Found 3 JPA repository interfaces.
2025-03-19 16:23:14 - Tomcat initialized with port 8080 (http)
2025-03-19 16:23:14 - Starting service [Tomcat]
2025-03-19 16:23:14 - Starting Servlet engine: [Apache Tomcat/10.1.36]
2025-03-19 16:23:14 - Initializing Spring embedded WebApplicationContext
2025-03-19 16:23:14 - Root WebApplicationContext: initialization completed in 379 ms
2025-03-19 16:23:14 - HikariPool-76 - Starting...
2025-03-19 16:23:14 - HikariPool-76 - Added connection conn773: url=jdbc:h2:mem:pypm user=ROOT
2025-03-19 16:23:14 - HikariPool-76 - Start completed.
2025-03-19 16:23:14 - HHH000204: Processing PersistenceUnitInfo [name: default]
2025-03-19 16:23:14 - HHH000026: Second-level cache disabled
2025-03-19 16:23:14 - No LoadTimeWeaver setup: ignoring JPA class transformer
2025-03-19 16:23:14 - HHH90000025: H2Dialect does not need to be specified explicitly using 'hibernate.dialect' (remove the property setting and it will be selected by default)
2025-03-19 16:23:14 - HHH10001005: Database info:
	Database JDBC URL [Connecting through datasource 'HikariDataSource (HikariPool-76)']
	Database driver: undefined/unknown
	Database version: 2.3.232
	Autocommit mode: undefined/unknown
	Isolation level: undefined/unknown
	Minimum pool size: undefined/unknown
	Maximum pool size: undefined/unknown
2025-03-19 16:23:14 - HHH000489: No JTA platform available (set 'hibernate.transaction.jta.platform' to enable JTA platform integration)
2025-03-19 16:23:14 - Initialized JPA EntityManagerFactory for persistence unit 'default'
2025-03-19 16:23:14 - spring.jpa.open-in-view is enabled by default. Therefore, database queries may be performed during view rendering. Explicitly configure spring.jpa.open-in-view to disable this warning
2025-03-19 16:23:14 - Global AuthenticationManager configured with UserDetailsService bean with name inMemoryUserDetailsManager
2025-03-19 16:23:14 - H2 console available at '/h2-console'. Database available at 'jdbc:h2:mem:pypm'
2025-03-19 16:23:14 - LiveReload server is running on port 35729
2025-03-19 16:23:14 - Tomcat started on port 8080 (http) with context path '/'
2025-03-19 16:23:14 - Started TpPayYouPayMe170325Application in 0.703 seconds (process running for 24984.892)
2025-03-19 16:23:14 - Condition evaluation unchanged
2025-03-19 16:23:15 - Initializing Spring DispatcherServlet 'dispatcherServlet'
2025-03-19 16:23:15 - Initializing Servlet 'dispatcherServlet'
2025-03-19 16:23:15 - Completed initialization in 0 ms
2025-03-19 16:24:41 - Restarting due to 1 class path change (0 additions, 0 deletions, 1 modification)
2025-03-19 16:24:41 - Commencing graceful shutdown. Waiting for active requests to complete
2025-03-19 16:24:41 - Graceful shutdown complete
2025-03-19 16:24:41 - Closing JPA EntityManagerFactory for persistence unit 'default'
2025-03-19 16:24:41 - Invocation of destroy method failed on bean with name 'inMemoryDatabaseShutdownExecutor': org.h2.jdbc.JdbcSQLNonTransientConnectionException: La base de données est déjà fermée (pour désactiver la fermeture automatique à l'arrêt de la VM, ajoutez "; DB_CLOSE_ON_EXIT = FALSE" à l'URL db)
Database is already closed (to disable automatic closing at VM shutdown, add ";DB_CLOSE_ON_EXIT=FALSE" to the db URL) [90121-232]
2025-03-19 16:24:41 - HikariPool-76 - Shutdown initiated...
2025-03-19 16:24:41 - HikariPool-76 - Shutdown completed.
2025-03-19 16:24:41 - Starting TpPayYouPayMe170325Application using Java 23.0.2 with PID 10996 (C:\Users\lemai\Documents\12 M2I\Java-SE\TP\TP_17_03_25\TP_PayYouPayMe_17_03_25\TP_PayYouPayMe_17_03_25\target\classes started by lemai in C:\Users\lemai\Documents\12 M2I\Java-SE\TP\TP_17_03_25\TP_PayYouPayMe_17_03_25\TP_PayYouPayMe_17_03_25)
2025-03-19 16:24:41 - Running with Spring Boot v3.4.3, Spring v6.2.3
2025-03-19 16:24:41 - No active profile set, falling back to 1 default profile: "default"
2025-03-19 16:24:41 - Bootstrapping Spring Data JPA repositories in DEFAULT mode.
2025-03-19 16:24:41 - Finished Spring Data repository scanning in 9 ms. Found 3 JPA repository interfaces.
2025-03-19 16:24:41 - Tomcat initialized with port 8080 (http)
2025-03-19 16:24:41 - Starting service [Tomcat]
2025-03-19 16:24:41 - Starting Servlet engine: [Apache Tomcat/10.1.36]
2025-03-19 16:24:41 - Initializing Spring embedded WebApplicationContext
2025-03-19 16:24:41 - Root WebApplicationContext: initialization completed in 219 ms
2025-03-19 16:24:41 - HikariPool-77 - Starting...
2025-03-19 16:24:41 - HikariPool-77 - Added connection conn783: url=jdbc:h2:mem:pypm user=ROOT
2025-03-19 16:24:41 - HikariPool-77 - Start completed.
2025-03-19 16:24:41 - HHH000204: Processing PersistenceUnitInfo [name: default]
2025-03-19 16:24:41 - HHH000026: Second-level cache disabled
2025-03-19 16:24:41 - No LoadTimeWeaver setup: ignoring JPA class transformer
2025-03-19 16:24:41 - HHH90000025: H2Dialect does not need to be specified explicitly using 'hibernate.dialect' (remove the property setting and it will be selected by default)
2025-03-19 16:24:41 - HHH10001005: Database info:
	Database JDBC URL [Connecting through datasource 'HikariDataSource (HikariPool-77)']
	Database driver: undefined/unknown
	Database version: 2.3.232
	Autocommit mode: undefined/unknown
	Isolation level: undefined/unknown
	Minimum pool size: undefined/unknown
	Maximum pool size: undefined/unknown
2025-03-19 16:24:41 - HHH000489: No JTA platform available (set 'hibernate.transaction.jta.platform' to enable JTA platform integration)
2025-03-19 16:24:41 - Initialized JPA EntityManagerFactory for persistence unit 'default'
2025-03-19 16:24:41 - spring.jpa.open-in-view is enabled by default. Therefore, database queries may be performed during view rendering. Explicitly configure spring.jpa.open-in-view to disable this warning
2025-03-19 16:24:41 - Global AuthenticationManager configured with UserDetailsService bean with name inMemoryUserDetailsManager
2025-03-19 16:24:41 - H2 console available at '/h2-console'. Database available at 'jdbc:h2:mem:pypm'
2025-03-19 16:24:41 - LiveReload server is running on port 35729
2025-03-19 16:24:41 - Tomcat started on port 8080 (http) with context path '/'
2025-03-19 16:24:41 - Started TpPayYouPayMe170325Application in 0.513 seconds (process running for 25071.985)
2025-03-19 16:24:41 - Condition evaluation unchanged
2025-03-19 16:27:29 - Initializing Spring DispatcherServlet 'dispatcherServlet'
2025-03-19 16:27:29 - Initializing Servlet 'dispatcherServlet'
2025-03-19 16:27:29 - Completed initialization in 1 ms
2025-03-19 16:27:29 - Restarting due to 1 class path change (0 additions, 0 deletions, 1 modification)
2025-03-19 16:27:29 - Commencing graceful shutdown. Waiting for active requests to complete
2025-03-19 16:27:29 - Graceful shutdown complete
2025-03-19 16:27:29 - Closing JPA EntityManagerFactory for persistence unit 'default'
2025-03-19 16:27:29 - Invocation of destroy method failed on bean with name 'inMemoryDatabaseShutdownExecutor': org.h2.jdbc.JdbcSQLNonTransientConnectionException: La base de données est déjà fermée (pour désactiver la fermeture automatique à l'arrêt de la VM, ajoutez "; DB_CLOSE_ON_EXIT = FALSE" à l'URL db)
Database is already closed (to disable automatic closing at VM shutdown, add ";DB_CLOSE_ON_EXIT=FALSE" to the db URL) [90121-232]
2025-03-19 16:27:29 - HikariPool-77 - Shutdown initiated...
2025-03-19 16:27:29 - HikariPool-77 - Shutdown completed.
2025-03-19 16:27:29 - Starting TpPayYouPayMe170325Application using Java 23.0.2 with PID 10996 (C:\Users\lemai\Documents\12 M2I\Java-SE\TP\TP_17_03_25\TP_PayYouPayMe_17_03_25\TP_PayYouPayMe_17_03_25\target\classes started by lemai in C:\Users\lemai\Documents\12 M2I\Java-SE\TP\TP_17_03_25\TP_PayYouPayMe_17_03_25\TP_PayYouPayMe_17_03_25)
2025-03-19 16:27:29 - Running with Spring Boot v3.4.3, Spring v6.2.3
2025-03-19 16:27:29 - No active profile set, falling back to 1 default profile: "default"
2025-03-19 16:27:29 - Bootstrapping Spring Data JPA repositories in DEFAULT mode.
2025-03-19 16:27:29 - Finished Spring Data repository scanning in 19 ms. Found 3 JPA repository interfaces.
2025-03-19 16:27:29 - Tomcat initialized with port 8080 (http)
2025-03-19 16:27:29 - Starting service [Tomcat]
2025-03-19 16:27:29 - Starting Servlet engine: [Apache Tomcat/10.1.36]
2025-03-19 16:27:29 - Initializing Spring embedded WebApplicationContext
2025-03-19 16:27:29 - Root WebApplicationContext: initialization completed in 280 ms
2025-03-19 16:27:29 - HikariPool-78 - Starting...
2025-03-19 16:27:29 - HikariPool-78 - Added connection conn793: url=jdbc:h2:mem:pypm user=ROOT
2025-03-19 16:27:29 - HikariPool-78 - Start completed.
2025-03-19 16:27:29 - HHH000204: Processing PersistenceUnitInfo [name: default]
2025-03-19 16:27:29 - HHH000026: Second-level cache disabled
2025-03-19 16:27:29 - No LoadTimeWeaver setup: ignoring JPA class transformer
2025-03-19 16:27:29 - HHH90000025: H2Dialect does not need to be specified explicitly using 'hibernate.dialect' (remove the property setting and it will be selected by default)
2025-03-19 16:27:29 - HHH10001005: Database info:
	Database JDBC URL [Connecting through datasource 'HikariDataSource (HikariPool-78)']
	Database driver: undefined/unknown
	Database version: 2.3.232
	Autocommit mode: undefined/unknown
	Isolation level: undefined/unknown
	Minimum pool size: undefined/unknown
	Maximum pool size: undefined/unknown
2025-03-19 16:27:29 - HHH000489: No JTA platform available (set 'hibernate.transaction.jta.platform' to enable JTA platform integration)
2025-03-19 16:27:29 - Initialized JPA EntityManagerFactory for persistence unit 'default'
2025-03-19 16:27:29 - spring.jpa.open-in-view is enabled by default. Therefore, database queries may be performed during view rendering. Explicitly configure spring.jpa.open-in-view to disable this warning
2025-03-19 16:27:29 - Global AuthenticationManager configured with UserDetailsService bean with name inMemoryUserDetailsManager
2025-03-19 16:27:30 - H2 console available at '/h2-console'. Database available at 'jdbc:h2:mem:pypm'
2025-03-19 16:27:30 - LiveReload server is running on port 35729
2025-03-19 16:27:30 - Tomcat started on port 8080 (http) with context path '/'
2025-03-19 16:27:30 - Started TpPayYouPayMe170325Application in 0.649 seconds (process running for 25240.25)
2025-03-19 16:27:30 - Condition evaluation unchanged
2025-03-19 16:27:30 - Initializing Spring DispatcherServlet 'dispatcherServlet'
2025-03-19 16:27:30 - Initializing Servlet 'dispatcherServlet'
2025-03-19 16:27:30 - Completed initialization in 0 ms
2025-03-19 16:27:30 - Resolved [org.springframework.web.HttpRequestMethodNotSupportedException: Request method 'GET' is not supported]
2025-03-19 16:27:45 - Restarting due to 1 class path change (0 additions, 0 deletions, 1 modification)
2025-03-19 16:27:45 - Commencing graceful shutdown. Waiting for active requests to complete
2025-03-19 16:27:45 - Graceful shutdown complete
2025-03-19 16:27:45 - Closing JPA EntityManagerFactory for persistence unit 'default'
2025-03-19 16:27:45 - Invocation of destroy method failed on bean with name 'inMemoryDatabaseShutdownExecutor': org.h2.jdbc.JdbcSQLNonTransientConnectionException: La base de données est déjà fermée (pour désactiver la fermeture automatique à l'arrêt de la VM, ajoutez "; DB_CLOSE_ON_EXIT = FALSE" à l'URL db)
Database is already closed (to disable automatic closing at VM shutdown, add ";DB_CLOSE_ON_EXIT=FALSE" to the db URL) [90121-232]
2025-03-19 16:27:45 - HikariPool-78 - Shutdown initiated...
2025-03-19 16:27:45 - HikariPool-78 - Shutdown completed.
2025-03-19 16:27:45 - Starting TpPayYouPayMe170325Application using Java 23.0.2 with PID 10996 (C:\Users\lemai\Documents\12 M2I\Java-SE\TP\TP_17_03_25\TP_PayYouPayMe_17_03_25\TP_PayYouPayMe_17_03_25\target\classes started by lemai in C:\Users\lemai\Documents\12 M2I\Java-SE\TP\TP_17_03_25\TP_PayYouPayMe_17_03_25\TP_PayYouPayMe_17_03_25)
2025-03-19 16:27:45 - Running with Spring Boot v3.4.3, Spring v6.2.3
2025-03-19 16:27:45 - No active profile set, falling back to 1 default profile: "default"
2025-03-19 16:27:46 - Bootstrapping Spring Data JPA repositories in DEFAULT mode.
2025-03-19 16:27:46 - Finished Spring Data repository scanning in 8 ms. Found 3 JPA repository interfaces.
2025-03-19 16:27:46 - Tomcat initialized with port 8080 (http)
2025-03-19 16:27:46 - Starting service [Tomcat]
2025-03-19 16:27:46 - Starting Servlet engine: [Apache Tomcat/10.1.36]
2025-03-19 16:27:46 - Initializing Spring embedded WebApplicationContext
2025-03-19 16:27:46 - Root WebApplicationContext: initialization completed in 268 ms
2025-03-19 16:27:46 - HikariPool-79 - Starting...
2025-03-19 16:27:46 - HikariPool-79 - Added connection conn803: url=jdbc:h2:mem:pypm user=ROOT
2025-03-19 16:27:46 - HikariPool-79 - Start completed.
2025-03-19 16:27:46 - HHH000204: Processing PersistenceUnitInfo [name: default]
2025-03-19 16:27:46 - HHH000026: Second-level cache disabled
2025-03-19 16:27:46 - No LoadTimeWeaver setup: ignoring JPA class transformer
2025-03-19 16:27:46 - HHH90000025: H2Dialect does not need to be specified explicitly using 'hibernate.dialect' (remove the property setting and it will be selected by default)
2025-03-19 16:27:46 - HHH10001005: Database info:
	Database JDBC URL [Connecting through datasource 'HikariDataSource (HikariPool-79)']
	Database driver: undefined/unknown
	Database version: 2.3.232
	Autocommit mode: undefined/unknown
	Isolation level: undefined/unknown
	Minimum pool size: undefined/unknown
	Maximum pool size: undefined/unknown
2025-03-19 16:27:46 - HHH000489: No JTA platform available (set 'hibernate.transaction.jta.platform' to enable JTA platform integration)
2025-03-19 16:27:46 - Initialized JPA EntityManagerFactory for persistence unit 'default'
2025-03-19 16:27:46 - spring.jpa.open-in-view is enabled by default. Therefore, database queries may be performed during view rendering. Explicitly configure spring.jpa.open-in-view to disable this warning
2025-03-19 16:27:46 - Global AuthenticationManager configured with UserDetailsService bean with name inMemoryUserDetailsManager
2025-03-19 16:27:46 - H2 console available at '/h2-console'. Database available at 'jdbc:h2:mem:pypm'
2025-03-19 16:27:46 - LiveReload server is running on port 35729
2025-03-19 16:27:46 - Tomcat started on port 8080 (http) with context path '/'
2025-03-19 16:27:46 - Started TpPayYouPayMe170325Application in 0.698 seconds (process running for 25256.867)
2025-03-19 16:27:46 - Condition evaluation unchanged
2025-03-19 16:27:46 - Initializing Spring DispatcherServlet 'dispatcherServlet'
2025-03-19 16:27:46 - Initializing Servlet 'dispatcherServlet'
2025-03-19 16:27:46 - Completed initialization in 3 ms
2025-03-19 16:29:39 - Resolved [org.springframework.web.HttpRequestMethodNotSupportedException: Request method 'POST' is not supported]
